This is pdfTeX, Version 3.14159265-2.6-1.40.20 (TeX Live 2019/Debian) (preloaded format=pdflatex 2021.3.9)  22 MAY 2021 21:01
entering extended mode
 restricted \write18 enabled.
 %&-line parsing enabled.
**cp2021t-0.1.0.0-inplace.tex
(./cp2021t-0.1.0.0-inplace.tex
LaTeX2e <2020-02-02> patch level 2
L3 programming layer <2020-02-14>
(/usr/share/texlive/texmf-dist/tex/latex/base/book.cls
Document Class: book 2019/12/20 v1.4l Standard LaTeX document class
(/usr/share/texlive/texmf-dist/tex/latex/base/bk10.clo
File: bk10.clo 2019/12/20 v1.4l Standard LaTeX file (size option)
)
\c@part=\count167
\c@chapter=\count168
\c@section=\count169
\c@subsection=\count170
\c@subsubsection=\count171
\c@paragraph=\count172
\c@subparagraph=\count173
\c@figure=\count174
\c@table=\count175
\abovecaptionskip=\skip47
\belowcaptionskip=\skip48
\bibindent=\dimen134
) (./haddock.sty
(/usr/share/texlive/texmf-dist/tex/latex/tabulary/tabulary.sty
Package: tabulary 2014/06/11 v0.10 tabulary package (DPC)

(/usr/share/texlive/texmf-dist/tex/latex/tools/array.sty
Package: array 2019/08/31 v2.4l Tabular extension package (FMi)
\col@sep=\dimen135
\ar@mcellbox=\box45
\extrarowheight=\dimen136
\NC@list=\toks14
\extratabsurround=\skip49
\backup@length=\skip50
\ar@cellbox=\box46
)
\TY@count=\count176
\TY@linewidth=\dimen137
\tymin=\dimen138
\tymax=\dimen139
\TY@tablewidth=\dimen140
)
(/usr/share/texlive/texmf-dist/tex/latex/hyperref/hyperref.sty
Package: hyperref 2020/01/14 v7.00d Hypertext links for LaTeX

(/usr/share/texlive/texmf-dist/tex/generic/ltxcmds/ltxcmds.sty
Package: ltxcmds 2019/12/15 v1.24 LaTeX kernel commands for general use (HO)
)
(/usr/share/texlive/texmf-dist/tex/generic/iftex/iftex.sty
Package: iftex 2019/11/07 v1.0c TeX engine tests
)
(/usr/share/texlive/texmf-dist/tex/latex/pdftexcmds/pdftexcmds.sty
Package: pdftexcmds 2019/11/24 v0.31 Utility functions of pdfTeX for LuaTeX (HO
)

(/usr/share/texlive/texmf-dist/tex/generic/infwarerr/infwarerr.sty
Package: infwarerr 2019/12/03 v1.5 Providing info/warning/error messages (HO)
)
Package pdftexcmds Info: \pdf@primitive is available.
Package pdftexcmds Info: \pdf@ifprimitive is available.
Package pdftexcmds Info: \pdfdraftmode found.
)
(/usr/share/texlive/texmf-dist/tex/latex/graphics/keyval.sty
Package: keyval 2014/10/28 v1.15 key=value parser (DPC)
\KV@toks@=\toks15
)
(/usr/share/texlive/texmf-dist/tex/generic/kvsetkeys/kvsetkeys.sty
Package: kvsetkeys 2019/12/15 v1.18 Key value parser (HO)
)
(/usr/share/texlive/texmf-dist/tex/generic/kvdefinekeys/kvdefinekeys.sty
Package: kvdefinekeys 2019-12-19 v1.6 Define keys (HO)
)
(/usr/share/texlive/texmf-dist/tex/generic/pdfescape/pdfescape.sty
Package: pdfescape 2019/12/09 v1.15 Implements pdfTeX's escape features (HO)
)
(/usr/share/texlive/texmf-dist/tex/latex/hycolor/hycolor.sty
Package: hycolor 2020-01-27 v1.10 Color options for hyperref/bookmark (HO)
)
(/usr/share/texlive/texmf-dist/tex/latex/letltxmacro/letltxmacro.sty
Package: letltxmacro 2019/12/03 v1.6 Let assignment for LaTeX macros (HO)
)
(/usr/share/texlive/texmf-dist/tex/latex/auxhook/auxhook.sty
Package: auxhook 2019-12-17 v1.6 Hooks for auxiliary files (HO)
)
(/usr/share/texlive/texmf-dist/tex/latex/kvoptions/kvoptions.sty
Package: kvoptions 2019/11/29 v3.13 Key value format for package options (HO)
)
\@linkdim=\dimen141
\Hy@linkcounter=\count177
\Hy@pagecounter=\count178

(/usr/share/texlive/texmf-dist/tex/latex/hyperref/pd1enc.def
File: pd1enc.def 2020/01/14 v7.00d Hyperref: PDFDocEncoding definition (HO)
Now handling font encoding PD1 ...
... no UTF-8 mapping file for font encoding PD1
)
(/usr/share/texlive/texmf-dist/tex/generic/intcalc/intcalc.sty
Package: intcalc 2019/12/15 v1.3 Expandable calculations with integers (HO)
)
(/usr/share/texlive/texmf-dist/tex/generic/etexcmds/etexcmds.sty
Package: etexcmds 2019/12/15 v1.7 Avoid name clashes with e-TeX commands (HO)
)
\Hy@SavedSpaceFactor=\count179
\pdfmajorversion=\count180
Package hyperref Info: Option `bookmarks' set `true' on input line 4421.
Package hyperref Info: Hyper figures OFF on input line 4547.
Package hyperref Info: Link nesting OFF on input line 4552.
Package hyperref Info: Hyper index ON on input line 4555.
Package hyperref Info: Plain pages OFF on input line 4562.
Package hyperref Info: Backreferencing OFF on input line 4567.
Package hyperref Info: Implicit mode ON; LaTeX internals redefined.
Package hyperref Info: Bookmarks ON on input line 4800.
\c@Hy@tempcnt=\count181

(/usr/share/texlive/texmf-dist/tex/latex/url/url.sty
\Urlmuskip=\muskip16
Package: url 2013/09/16  ver 3.4  Verb mode for urls, etc.
)
LaTeX Info: Redefining \url on input line 5159.
\XeTeXLinkMargin=\dimen142

(/usr/share/texlive/texmf-dist/tex/generic/bitset/bitset.sty
Package: bitset 2019/12/09 v1.3 Handle bit-vector datatype (HO)

(/usr/share/texlive/texmf-dist/tex/generic/bigintcalc/bigintcalc.sty
Package: bigintcalc 2019/12/15 v1.5 Expandable calculations on big integers (HO
)
))
\Fld@menulength=\count182
\Field@Width=\dimen143
\Fld@charsize=\dimen144
Package hyperref Info: Hyper figures OFF on input line 6430.
Package hyperref Info: Link nesting OFF on input line 6435.
Package hyperref Info: Hyper index ON on input line 6438.
Package hyperref Info: backreferencing OFF on input line 6445.
Package hyperref Info: Link coloring OFF on input line 6450.
Package hyperref Info: Link coloring with OCG OFF on input line 6455.
Package hyperref Info: PDF/A mode OFF on input line 6460.
LaTeX Info: Redefining \ref on input line 6500.
LaTeX Info: Redefining \pageref on input line 6504.

(/usr/share/texlive/texmf-dist/tex/generic/atbegshi/atbegshi.sty
Package: atbegshi 2019/12/05 v1.19 At begin shipout hook (HO)
)
\Hy@abspage=\count183
\c@Item=\count184
\c@Hfootnote=\count185
)
Package hyperref Info: Driver: hpdftex.

(/usr/share/texlive/texmf-dist/tex/latex/hyperref/hpdftex.def
File: hpdftex.def 2020/01/14 v7.00d Hyperref driver for pdfTeX

(/usr/share/texlive/texmf-dist/tex/latex/atveryend/atveryend.sty
Package: atveryend 2019-12-11 v1.11 Hooks at the very end of document (HO)
Package atveryend Info: \enddocument detected (standard20110627).
)
\Fld@listcount=\count186
\c@bookmark@seq@number=\count187

(/usr/share/texlive/texmf-dist/tex/latex/rerunfilecheck/rerunfilecheck.sty
Package: rerunfilecheck 2019/12/05 v1.9 Rerun checks for auxiliary files (HO)

(/usr/share/texlive/texmf-dist/tex/generic/uniquecounter/uniquecounter.sty
Package: uniquecounter 2019/12/15 v1.4 Provide unlimited unique counter (HO)
)
Package uniquecounter Info: New unique counter `rerunfilecheck' on input line 2
86.
)
\Hy@SectionHShift=\skip51
))
(/usr/share/texlive/texmf-dist/tex/latex/l3backend/l3backend-pdfmode.def
File: l3backend-pdfmode.def 2020-02-03 L3 backend support: PDF mode
\l__kernel_color_stack_int=\count188
\l__pdf_internal_box=\box47
)
(./cp2021t-0.1.0.0-inplace.aux)
\openout1 = `cp2021t-0.1.0.0-inplace.aux'.

LaTeX Font Info:    Checking defaults for OML/cmm/m/it on input line 3.
LaTeX Font Info:    ... okay on input line 3.
LaTeX Font Info:    Checking defaults for OMS/cmsy/m/n on input line 3.
LaTeX Font Info:    ... okay on input line 3.
LaTeX Font Info:    Checking defaults for OT1/cmr/m/n on input line 3.
LaTeX Font Info:    ... okay on input line 3.
LaTeX Font Info:    Checking defaults for T1/cmr/m/n on input line 3.
LaTeX Font Info:    ... okay on input line 3.
LaTeX Font Info:    Checking defaults for TS1/cmr/m/n on input line 3.
LaTeX Font Info:    ... okay on input line 3.
LaTeX Font Info:    Checking defaults for OMX/cmex/m/n on input line 3.
LaTeX Font Info:    ... okay on input line 3.
LaTeX Font Info:    Checking defaults for U/cmr/m/n on input line 3.
LaTeX Font Info:    ... okay on input line 3.
LaTeX Font Info:    Checking defaults for PD1/pdf/m/n on input line 3.
LaTeX Font Info:    ... okay on input line 3.
\AtBeginShipoutBox=\box48
Package hyperref Info: Link coloring OFF on input line 3.

(/usr/share/texlive/texmf-dist/tex/latex/hyperref/nameref.sty
Package: nameref 2019/09/16 v2.46 Cross-referencing by name of section

(/usr/share/texlive/texmf-dist/tex/latex/refcount/refcount.sty
Package: refcount 2019/12/15 v3.6 Data extraction from label references (HO)
)
(/usr/share/texlive/texmf-dist/tex/generic/gettitlestring/gettitlestring.sty
Package: gettitlestring 2019/12/15 v1.6 Cleanup title references (HO)
)
\c@section@level=\count189
)
LaTeX Info: Redefining \ref on input line 3.
LaTeX Info: Redefining \pageref on input line 3.
LaTeX Info: Redefining \nameref on input line 3.

(./cp2021t-0.1.0.0-inplace.out) (./cp2021t-0.1.0.0-inplace.out)
\@outlinefile=\write3
\openout3 = `cp2021t-0.1.0.0-inplace.out'.

 [1


{/var/lib/texmf/fonts/map/pdftex/updmap/pdftex.map}] [2

] (./cp2021t-0.1.0.0-inplace.toc
LaTeX Font Info:    Font shape `OT1/cmtt/bx/n' in size <10> not available
(Font)              Font shape `OT1/cmtt/m/n' tried instead on input line 1.
)
\tf@toc=\write4
\openout4 = `cp2021t-0.1.0.0-inplace.toc'.


(./BTree.tex [3] [4

]
Chapter 1.
LaTeX Font Info:    Font shape `OT1/cmtt/bx/n' in size <24.88> not available
(Font)              Font shape `OT1/cmtt/m/n' tried instead on input line 1.
LaTeX Font Info:    Font shape `OT1/cmtt/bx/n' in size <9> not available
(Font)              Font shape `OT1/cmtt/m/n' tried instead on input line 17.
LaTeX Font Info:    External font `cmex10' loaded for size
(Font)              <9> on input line 17.
LaTeX Font Info:    External font `cmex10' loaded for size
(Font)              <6> on input line 17.
LaTeX Font Info:    External font `cmex10' loaded for size
(Font)              <5> on input line 17.

Package tabulary Warning: No suitable columns! on input line 23.

LaTeX Font Info:    External font `cmex10' loaded for size
(Font)              <7> on input line 23.

Overfull \hbox (6.0pt too wide) in paragraph at lines 23--23
[]| 
 []


Overfull \hbox (6.0pt too wide) in paragraph at lines 23--23
[]| 
 []


Overfull \hbox (10.921pt too wide) in paragraph at lines 42--42
[]
 []


Underfull \hbox (badness 10000) in paragraph at lines 42--42

 []


Overfull \hbox (62.8954pt too wide) in paragraph at lines 51--51
[]
 []


Underfull \hbox (badness 10000) in paragraph at lines 51--51

 []

[5]
Overfull \hbox (95.97002pt too wide) in paragraph at lines 54--54
[]
 []


Underfull \hbox (badness 10000) in paragraph at lines 54--54

 []


Overfull \hbox (67.62035pt too wide) in paragraph at lines 99--99
[]
 []


Underfull \hbox (badness 10000) in paragraph at lines 99--99

 []


Package tabulary Warning: No suitable columns! on input line 127.


Overfull \hbox (6.0pt too wide) in paragraph at lines 127--127
[]| 
 []

[6]) (./Cp.tex [7] [8

]
Chapter 2.
[9] [10] [11]) (./LTree.tex [12]
Chapter 3.

Package tabulary Warning: No suitable columns! on input line 23.


Overfull \hbox (6.0pt too wide) in paragraph at lines 23--23
[]| 
 []


Overfull \hbox (6.0pt too wide) in paragraph at lines 23--23
[]| 
 []


Overfull \hbox (29.82079pt too wide) in paragraph at lines 45--45
[]
 []


Underfull \hbox (badness 10000) in paragraph at lines 45--45

 []

[13

]
Overfull \hbox (6.19606pt too wide) in paragraph at lines 54--54
[]
 []


Underfull \hbox (badness 10000) in paragraph at lines 54--54

 []


Package tabulary Warning: No suitable columns! on input line 121.


Overfull \hbox (6.0pt too wide) in paragraph at lines 121--121
[]| 
 []

[14]) (./List.tex [15] [16

]
Chapter 4.

Overfull \hbox (48.72057pt too wide) in paragraph at lines 34--34
[]
 []


Underfull \hbox (badness 10000) in paragraph at lines 34--34

 []


Overfull \hbox (20.3709pt too wide) in paragraph at lines 37--37
[]
 []


Underfull \hbox (badness 10000) in paragraph at lines 37--37

 []

[17]
Overfull \hbox (10.921pt too wide) in paragraph at lines 115--115
[]
 []


Underfull \hbox (badness 10000) in paragraph at lines 115--115

 []

) (./Main.tex [18]
Chapter 5.

Package tabulary Warning: No suitable columns! on input line 35.


Overfull \hbox (6.0pt too wide) in paragraph at lines 35--35
[]| 
 []


Overfull \hbox (6.0pt too wide) in paragraph at lines 35--35
[]| 
 []


Overfull \hbox (6.0pt too wide) in paragraph at lines 35--35
[]| 
 []


Overfull \hbox (6.0pt too wide) in paragraph at lines 35--35
[]| 
 []

[19

]

Package tabulary Warning: No suitable columns! on input line 51.


Overfull \hbox (6.0pt too wide) in paragraph at lines 51--51
[]| 
 []


Overfull \hbox (6.0pt too wide) in paragraph at lines 51--51
[]| 
 []


Package tabulary Warning: No suitable columns! on input line 67.


Overfull \hbox (6.0pt too wide) in paragraph at lines 67--67
[]| 
 []


Overfull \hbox (6.0pt too wide) in paragraph at lines 67--67
[]| 
 []


Overfull \hbox (62.8954pt too wide) in paragraph at lines 80--80
[]
 []


Underfull \hbox (badness 10000) in paragraph at lines 80--80

 []


Overfull \hbox (95.97002pt too wide) in paragraph at lines 83--83
[]
 []


Underfull \hbox (badness 10000) in paragraph at lines 83--83

 []

[20]
Overfull \hbox (48.72057pt too wide) in paragraph at lines 113--113
[]
 []


Underfull \hbox (badness 10000) in paragraph at lines 113--113

 []


Overfull \hbox (6.19606pt too wide) in paragraph at lines 125--125
[]
 []


Underfull \hbox (badness 10000) in paragraph at lines 125--125

 []


Overfull \hbox (95.97002pt too wide) in paragraph at lines 173--173
[]
 []


Underfull \hbox (badness 10000) in paragraph at lines 173--173

 []

[21]
LaTeX Font Info:    Trying to load font information for OMS+cmtt on input line 
198.
 (/usr/share/texmf/tex/latex/R/tex/latex/omscmtt.fd
File: omscmtt.fd 
)
LaTeX Font Info:    Font shape `OMS/cmtt/m/n' in size <9> not available
(Font)              Font shape `OMS/cmsy/m/n' tried instead on input line 198.


Package tabulary Warning: No suitable columns! on input line 198.


Overfull \hbox (6.0pt too wide) in paragraph at lines 198--198
[]| 
 []


Overfull \hbox (6.0pt too wide) in paragraph at lines 198--198
[]| 
 []


Overfull \hbox (6.0pt too wide) in paragraph at lines 198--198
[]| 
 []


Overfull \hbox (10.921pt too wide) in paragraph at lines 251--251
[]
 []


Underfull \hbox (badness 10000) in paragraph at lines 251--251

 []

[22]
Overfull \hbox (214.09364pt too wide) in paragraph at lines 302--302
[]
 []


Underfull \hbox (badness 10000) in paragraph at lines 302--302

 []


! Package inputenc Error: Unicode character ℚ (U+211A)
(inputenc)                not set up for use with LaTeX.

See the inputenc package documentation for explanation.
Type  H <return>  for immediate help.
 ...                                              
                                                  
l.332 \end{verbatim}
                    }
? 

Overfull \hbox (18.57135pt too wide) in paragraph at lines 332--332
 []  \OT1/cmtt/m/n/9 g :: (, NPoint -> OverTime NPoint) -> (NPoint -> OverTime 
NPoint)[] 
 []

[23]) (./Nat.tex [24]
Chapter 6.
[25

]
Overfull \hbox (62.8954pt too wide) in paragraph at lines 73--73
[]
 []


Underfull \hbox (badness 10000) in paragraph at lines 73--73

 []

)
Package atveryend Info: Empty hook `BeforeClearDocument' on input line 19.
 [26]
Package atveryend Info: Empty hook `AfterLastShipout' on input line 19.
 (./cp2021t-0.1.0.0-inplace.aux)
Package atveryend Info: Executing hook `AtVeryEndDocument' on input line 19.
Package atveryend Info: Executing hook `AtEndAfterFileList' on input line 19.
Package rerunfilecheck Info: File `cp2021t-0.1.0.0-inplace.out' has not changed
.
(rerunfilecheck)             Checksum: 8F764378166D92F11E73D83E18448CB3;233.
Package atveryend Info: Empty hook `AtVeryVeryEnd' on input line 19.
 ) 
Here is how much of TeX's memory you used:
 4696 strings out of 481239
 73070 string characters out of 5920378
 334568 words of memory out of 5000000
 19856 multiletter control sequences out of 15000+600000
 537966 words of font info for 44 fonts, out of 8000000 for 9000
 1141 hyphenation exceptions out of 8191
 42i,8n,33p,650b,448s stack positions out of 5000i,500n,10000p,200000b,80000s
</usr/share/texlive/texmf-dist/fonts/type1/public/amsfonts/cm/cmbx10.pfb></us
r/share/texlive/texmf-dist/fonts/type1/public/amsfonts/cm/cmbx12.pfb></usr/shar
e/texlive/texmf-dist/fonts/type1/public/amsfonts/cm/cmr10.pfb></usr/share/texli
ve/texmf-dist/fonts/type1/public/amsfonts/cm/cmsl10.pfb></usr/share/texlive/tex
mf-dist/fonts/type1/public/amsfonts/cm/cmsltt10.pfb></usr/share/texlive/texmf-d
ist/fonts/type1/public/amsfonts/cm/cmsy9.pfb></usr/share/texlive/texmf-dist/fon
ts/type1/public/amsfonts/cm/cmti10.pfb></usr/share/texlive/texmf-dist/fonts/typ
e1/public/amsfonts/cm/cmtt10.pfb></usr/share/texlive/texmf-dist/fonts/type1/pub
lic/amsfonts/cm/cmtt12.pfb></usr/share/texlive/texmf-dist/fonts/type1/public/am
sfonts/cm/cmtt9.pfb>
Output written on cp2021t-0.1.0.0-inplace.pdf (26 pages, 123747 bytes).
PDF statistics:
 197 PDF objects out of 1000 (max. 8388607)
 157 compressed objects within 2 object streams
 34 named destinations out of 1000 (max. 500000)
 49 words of extra memory for PDF output out of 10000 (max. 10000000)

