\BOOKMARK [0][-]{chapter.1}{BTree}{}% 1
\BOOKMARK [0][-]{chapter.2}{Cp}{}% 2
\BOOKMARK [0][-]{chapter.3}{LTree}{}% 3
\BOOKMARK [0][-]{chapter.4}{List}{}% 4
\BOOKMARK [0][-]{chapter.5}{Nat}{}% 5
\BOOKMARK [0][-]{chapter.6}{Solucoes}{}% 6
\BOOKMARK [1][-]{section.6.1}{Problemas}{chapter.6}% 7
\BOOKMARK [2][-]{subsection.6.1.1}{Problema\0401}{section.6.1}% 8
\BOOKMARK [2][-]{subsection.6.1.2}{Problema\0402}{section.6.1}% 9
\BOOKMARK [2][-]{subsection.6.1.3}{Problema\0403}{section.6.1}% 10
\BOOKMARK [2][-]{subsection.6.1.4}{Problema\0404}{section.6.1}% 11
\BOOKMARK [1][-]{section.6.2}{Programação dinâmica por recursividade múltipla}{chapter.6}% 12
\BOOKMARK [1][-]{section.6.3}{Código Extra para Problema 3}{chapter.6}% 13
\BOOKMARK [2][-]{subsection.6.3.1}{2D}{section.6.3}% 14
\BOOKMARK [2][-]{subsection.6.3.2}{Modelo}{section.6.3}% 15
\BOOKMARK [2][-]{subsection.6.3.3}{Gloss}{section.6.3}% 16
\BOOKMARK [2][-]{subsection.6.3.4}{Animação}{section.6.3}% 17
\BOOKMARK [2][-]{subsection.6.3.5}{Propriedades\040e\040main}{section.6.3}% 18
\BOOKMARK [1][-]{section.6.4}{QuickCheck}{chapter.6}% 19
\BOOKMARK [1][-]{section.6.5}{Outras funções auxiliares}{chapter.6}% 20
